<?xml version="1.0" encoding="UTF-8"?>
<testng-results ignored="0" total="1" passed="0" failed="1" skipped="0">
  <reporter-output>
  </reporter-output>
  <suite started-at="2022-08-14T22:02:06 IST" name="Default suite" finished-at="2022-08-14T22:05:19 IST" duration-ms="192771">
    <groups>
    </groups>
    <test started-at="2022-08-14T22:02:06 IST" name="Default test" finished-at="2022-08-14T22:05:19 IST" duration-ms="192771">
      <class name="seleniumGrideE.restTest">
        <test-method signature="Homepakage()[pri:0, instance:seleniumGrideE.restTest@3febb011]" started-at="2022-08-14T22:02:06 IST" name="Homepakage" finished-at="2022-08-14T22:05:19 IST" duration-ms="192738" status="FAIL">
          <exception class="org.openqa.selenium.SessionNotCreatedException">
            <message>
              <![CDATA[Could not start a new session. Possible causes are invalid address of the remote server or browser start-up failure.
Build info: version: '4.1.2', revision: '9a5a329c5a'
System info: host: 'GAURAV', ip: '192.168.1.2', os.name: 'Windows 11', os.arch: 'amd64', os.version: '10.0', java.version: '18.0.2'
Driver info: org.openqa.selenium.remote.RemoteWebDriver
Command: [null, newSession {capabilities=[Capabilities {browserName: firfox}], desiredCapabilities=Capabilities {browserName: firfox}}]
Capabilities {}]]>
            </message>
            <full-stacktrace>
              <![CDATA[org.openqa.selenium.SessionNotCreatedException: Could not start a new session. Possible causes are invalid address of the remote server or browser start-up failure.
Build info: version: '4.1.2', revision: '9a5a329c5a'
System info: host: 'GAURAV', ip: '192.168.1.2', os.name: 'Windows 11', os.arch: 'amd64', os.version: '10.0', java.version: '18.0.2'
Driver info: org.openqa.selenium.remote.RemoteWebDriver
Command: [null, newSession {capabilities=[Capabilities {browserName: firfox}], desiredCapabilities=Capabilities {browserName: firfox}}]
Capabilities {}
at org.openqa.selenium.remote.RemoteWebDriver.execute(RemoteWebDriver.java:576)
at org.openqa.selenium.remote.RemoteWebDriver.startSession(RemoteWebDriver.java:245)
at org.openqa.selenium.remote.RemoteWebDriver.<init>(RemoteWebDriver.java:161)
at org.openqa.selenium.remote.RemoteWebDriver.<init>(RemoteWebDriver.java:143)
at seleniumGrideE.restTest.Homepakage(restTest.java:26)
at java.base/jdk.internal.reflect.DirectMethodHandleAccessor.invoke(DirectMethodHandleAccessor.java:104)
at java.base/java.lang.reflect.Method.invoke(Method.java:577)
at org.testng.internal.invokers.MethodInvocationHelper.invokeMethod(MethodInvocationHelper.java:139)
at org.testng.internal.invokers.TestInvoker.invokeMethod(TestInvoker.java:677)
at org.testng.internal.invokers.TestInvoker.invokeTestMethod(TestInvoker.java:221)
at org.testng.internal.invokers.MethodRunner.runInSequence(MethodRunner.java:50)
at org.testng.internal.invokers.TestInvoker$MethodInvocationAgent.invoke(TestInvoker.java:962)
at org.testng.internal.invokers.TestInvoker.invokeTestMethods(TestInvoker.java:194)
at org.testng.internal.invokers.TestMethodWorker.invokeTestMethods(TestMethodWorker.java:148)
at org.testng.internal.invokers.TestMethodWorker.run(TestMethodWorker.java:128)
at java.base/java.util.ArrayList.forEach(ArrayList.java:1511)
at org.testng.TestRunner.privateRun(TestRunner.java:806)
at org.testng.TestRunner.run(TestRunner.java:601)
at org.testng.SuiteRunner.runTest(SuiteRunner.java:433)
at org.testng.SuiteRunner.runSequentially(SuiteRunner.java:427)
at org.testng.SuiteRunner.privateRun(SuiteRunner.java:387)
at org.testng.SuiteRunner.run(SuiteRunner.java:330)
at org.testng.SuiteRunnerWorker.runSuite(SuiteRunnerWorker.java:52)
at org.testng.SuiteRunnerWorker.run(SuiteRunnerWorker.java:95)
at org.testng.TestNG.runSuitesSequentially(TestNG.java:1256)
at org.testng.TestNG.runSuitesLocally(TestNG.java:1176)
at org.testng.TestNG.runSuites(TestNG.java:1099)
at org.testng.TestNG.run(TestNG.java:1067)
at org.testng.remote.AbstractRemoteTestNG.run(AbstractRemoteTestNG.java:115)
at org.testng.remote.RemoteTestNG.initAndRun(RemoteTestNG.java:251)
at org.testng.remote.RemoteTestNG.main(RemoteTestNG.java:77)
Caused by: java.io.UncheckedIOException: java.io.IOException: Stream closed
at org.openqa.selenium.remote.http.netty.NettyHttpHandler.makeCall(NettyHttpHandler.java:80)
at org.openqa.selenium.remote.http.RetryRequest.lambda$apply$6(RetryRequest.java:80)
at net.jodah.failsafe.Functions.lambda$get$0(Functions.java:48)
at net.jodah.failsafe.RetryPolicyExecutor.lambda$supply$0(RetryPolicyExecutor.java:66)
at net.jodah.failsafe.RetryPolicyExecutor.lambda$supply$0(RetryPolicyExecutor.java:66)
at net.jodah.failsafe.RetryPolicyExecutor.lambda$supply$0(RetryPolicyExecutor.java:66)
at net.jodah.failsafe.Execution.executeSync(Execution.java:128)
at net.jodah.failsafe.FailsafeExecutor.call(FailsafeExecutor.java:379)
at net.jodah.failsafe.FailsafeExecutor.get(FailsafeExecutor.java:68)
at org.openqa.selenium.remote.http.RetryRequest.lambda$apply$7(RetryRequest.java:80)
at org.openqa.selenium.remote.http.AddSeleniumUserAgent.lambda$apply$0(AddSeleniumUserAgent.java:42)
at org.openqa.selenium.remote.http.Filter.lambda$andFinally$1(Filter.java:56)
at org.openqa.selenium.remote.http.netty.NettyHttpHandler.execute(NettyHttpHandler.java:51)
at org.openqa.selenium.remote.http.RetryRequest.lambda$apply$6(RetryRequest.java:80)
at net.jodah.failsafe.Functions.lambda$get$0(Functions.java:48)
at net.jodah.failsafe.RetryPolicyExecutor.lambda$supply$0(RetryPolicyExecutor.java:66)
at net.jodah.failsafe.RetryPolicyExecutor.lambda$supply$0(RetryPolicyExecutor.java:66)
at net.jodah.failsafe.RetryPolicyExecutor.lambda$supply$0(RetryPolicyExecutor.java:66)
at net.jodah.failsafe.Execution.executeSync(Execution.java:128)
at net.jodah.failsafe.FailsafeExecutor.call(FailsafeExecutor.java:379)
at net.jodah.failsafe.FailsafeExecutor.get(FailsafeExecutor.java:68)
at org.openqa.selenium.remote.http.RetryRequest.lambda$apply$7(RetryRequest.java:80)
at org.openqa.selenium.remote.http.AddSeleniumUserAgent.lambda$apply$0(AddSeleniumUserAgent.java:42)
at org.openqa.selenium.remote.http.Filter.lambda$andFinally$1(Filter.java:56)
at org.openqa.selenium.remote.http.netty.NettyClient.execute(NettyClient.java:110)
at org.openqa.selenium.remote.tracing.TracedHttpClient.execute(TracedHttpClient.java:55)
at org.openqa.selenium.remote.ProtocolHandshake.createSession(ProtocolHandshake.java:102)
at org.openqa.selenium.remote.ProtocolHandshake.createSession(ProtocolHandshake.java:84)
at org.openqa.selenium.remote.ProtocolHandshake.createSession(ProtocolHandshake.java:62)
at org.openqa.selenium.remote.HttpCommandExecutor.execute(HttpCommandExecutor.java:156)
at org.openqa.selenium.remote.TracedCommandExecutor.execute(TracedCommandExecutor.java:51)
at org.openqa.selenium.remote.RemoteWebDriver.execute(RemoteWebDriver.java:558)
... 30 more
Caused by: java.io.IOException: Stream closed
at java.base/java.io.BufferedInputStream.getInIfOpen(BufferedInputStream.java:157)
at java.base/java.io.BufferedInputStream.available(BufferedInputStream.java:408)
at java.base/java.io.FilterInputStream.available(FilterInputStream.java:171)
at java.base/java.io.PushbackInputStream.available(PushbackInputStream.java:277)
at io.netty.handler.stream.ChunkedStream.isEndOfInput(ChunkedStream.java:82)
at io.netty.handler.stream.ChunkedStream.readChunk(ChunkedStream.java:109)
at io.netty.handler.stream.ChunkedStream.readChunk(ChunkedStream.java:36)
at io.netty.handler.stream.ChunkedWriteHandler.doFlush(ChunkedWriteHandler.java:229)
at io.netty.handler.stream.ChunkedWriteHandler.flush(ChunkedWriteHandler.java:131)
at io.netty.channel.AbstractChannelHandlerContext.invokeFlush0(AbstractChannelHandlerContext.java:750)
at io.netty.channel.AbstractChannelHandlerContext.invokeWriteAndFlush(AbstractChannelHandlerContext.java:765)
at io.netty.channel.AbstractChannelHandlerContext.write(AbstractChannelHandlerContext.java:790)
at io.netty.channel.AbstractChannelHandlerContext.writeAndFlush(AbstractChannelHandlerContext.java:758)
at io.netty.channel.DefaultChannelPipeline.writeAndFlush(DefaultChannelPipeline.java:1020)
at io.netty.channel.AbstractChannel.writeAndFlush(AbstractChannel.java:311)
at org.asynchttpclient.netty.request.body.NettyInputStreamBody.write(NettyInputStreamBody.java:77)
at org.asynchttpclient.netty.request.NettyRequestSender.writeRequest(NettyRequestSender.java:433)
at org.asynchttpclient.netty.channel.NettyConnectListener.writeRequest(NettyConnectListener.java:80)
at org.asynchttpclient.netty.channel.NettyConnectListener.onSuccess(NettyConnectListener.java:156)
at org.asynchttpclient.netty.channel.NettyChannelConnector$1.onSuccess(NettyChannelConnector.java:92)
at org.asynchttpclient.netty.SimpleChannelFutureListener.operationComplete(SimpleChannelFutureListener.java:26)
at org.asynchttpclient.netty.SimpleChannelFutureListener.operationComplete(SimpleChannelFutureListener.java:20)
at io.netty.util.concurrent.DefaultPromise.notifyListener0(DefaultPromise.java:578)
at io.netty.util.concurrent.DefaultPromise.notifyListeners0(DefaultPromise.java:571)
at io.netty.util.concurrent.DefaultPromise.notifyListenersNow(DefaultPromise.java:550)
at io.netty.util.concurrent.DefaultPromise.notifyListeners(DefaultPromise.java:491)
at io.netty.util.concurrent.DefaultPromise.setValue0(DefaultPromise.java:616)
at io.netty.util.concurrent.DefaultPromise.setSuccess0(DefaultPromise.java:605)
at io.netty.util.concurrent.DefaultPromise.trySuccess(DefaultPromise.java:104)
at io.netty.channel.DefaultChannelPromise.trySuccess(DefaultChannelPromise.java:84)
at io.netty.channel.nio.AbstractNioChannel$AbstractNioUnsafe.fulfillConnectPromise(AbstractNioChannel.java:300)
at io.netty.channel.nio.AbstractNioChannel$AbstractNioUnsafe.finishConnect(AbstractNioChannel.java:335)
at io.netty.channel.nio.NioEventLoop.processSelectedKey(NioEventLoop.java:710)
at io.netty.channel.nio.NioEventLoop.processSelectedKeysOptimized(NioEventLoop.java:658)
at io.netty.channel.nio.NioEventLoop.processSelectedKeys(NioEventLoop.java:584)
at io.netty.channel.nio.NioEventLoop.run(NioEventLoop.java:496)
at io.netty.util.concurrent.SingleThreadEventExecutor$4.run(SingleThreadEventExecutor.java:986)
at io.netty.util.internal.ThreadExecutorMap$2.run(ThreadExecutorMap.java:74)
at io.netty.util.concurrent.FastThreadLocalRunnable.run(FastThreadLocalRunnable.java:30)
at java.base/java.lang.Thread.run(Thread.java:833)
]]>
            </full-stacktrace>
          </exception> <!-- org.openqa.selenium.SessionNotCreatedException -->
          <reporter-output>
          </reporter-output>
        </test-method> <!-- Homepakage -->
      </class> <!-- seleniumGrideE.restTest -->
    </test> <!-- Default test -->
  </suite> <!-- Default suite -->
</testng-results>
