<?xml version="1.0" encoding="UTF-8"?>
<!-- Generated by org.testng.reporters.JUnitXMLReporter -->
<testsuite ignored="0" hostname="Gaurav" failures="0" tests="11" name="Test" time="30.126" errors="0" timestamp="2022-08-08T20:52:06 IST">
  <testcase classname="logintestcase.loginTest" name="verifyPassword" time="0.057"/>
  <testcase classname="logintestcase.loginTest" name="verifyforgetUsernam" time="0.061"/>
  <testcase classname="logintestcase.loginTest" name="verifyfrontlogo1Test" time="0.038"/>
  <testcase classname="logintestcase.loginTest" name="verifyidontHaveAcount" time="0.063"/>
  <testcase classname="logintestcase.loginTest" name="verifylogo" time="0.128"/>
  <testcase classname="logintestcase.loginTest" name="verifyuseridText" time="0.043"/>
  <testcase classname="logintestcase.frontLogintest" name="intiallogingMethod" time="0.147"/>
  <testcase classname="logintestcase.frontLogintest" name="intiallogingMethod" time="0.139"/>
  <testcase classname="logintestcase.frontLogintest" name="intiallogingMethod" time="0.122"/>
  <testcase classname="logintestcase.frontLogintest" name="intiallogingMethod" time="0.133"/>
  <testcase classname="logintestcase.frontLogintest" name="intiallogingMethod" time="0.1"/>
</testsuite> <!-- Test -->
