<?xml version="1.0" encoding="UTF-8"?>
<!-- Generated by org.testng.reporters.JUnitXMLReporter -->
<testsuite ignored="0" hostname="Gaurav" failures="0" tests="11" name="Test" time="35.49" errors="0" timestamp="2022-08-09T18:05:31 IST">
  <testcase classname="logintestcase.loginTest" name="verifyPassword" time="0.072"/>
  <testcase classname="logintestcase.loginTest" name="verifyforgetUsernam" time="0.099"/>
  <testcase classname="logintestcase.loginTest" name="verifyfrontlogo1Test" time="0.057"/>
  <testcase classname="logintestcase.loginTest" name="verifyidontHaveAcount" time="0.081"/>
  <testcase classname="logintestcase.loginTest" name="verifylogo" time="0.23"/>
  <testcase classname="logintestcase.loginTest" name="verifyuseridText" time="0.062"/>
  <testcase classname="logintestcase.frontLogintest" name="intiallogingMethod" time="0.202"/>
  <testcase classname="logintestcase.frontLogintest" name="intiallogingMethod" time="0.204"/>
  <testcase classname="logintestcase.frontLogintest" name="intiallogingMethod" time="0.207"/>
  <testcase classname="logintestcase.frontLogintest" name="intiallogingMethod" time="0.234"/>
  <testcase classname="logintestcase.frontLogintest" name="intiallogingMethod" time="0.208"/>
</testsuite> <!-- Test -->
