<?xml version="1.0" encoding="UTF-8"?>
<!-- Generated by org.testng.reporters.JUnitXMLReporter -->
<testsuite ignored="0" hostname="Gaurav" failures="0" tests="12" name="Test" time="32.642" errors="0" timestamp="2022-08-10T17:28:14 IST">
  <testcase classname="logintestcase.frontLogintest" name="intiallogingMethod" time="0.232"/>
  <testcase classname="logintestcase.frontLogintest" name="intiallogingMethod" time="0.226"/>
  <testcase classname="logintestcase.frontLogintest" name="intiallogingMethod" time="0.234"/>
  <testcase classname="logintestcase.frontLogintest" name="intiallogingMethod" time="0.246"/>
  <testcase classname="logintestcase.frontLogintest" name="intiallogingMethod" time="0.22"/>
  <testcase classname="logintestcase.loginTest" name="verifyPassword" time="0.078"/>
  <testcase classname="logintestcase.loginTest" name="verifyforgetUsernam" time="0.109"/>
  <testcase classname="logintestcase.loginTest" name="verifyfrontlogo1Test" time="0.069"/>
  <testcase classname="logintestcase.loginTest" name="verifyidontHaveAcount" time="0.099"/>
  <testcase classname="logintestcase.loginTest" name="verifylogo" time="0.218"/>
  <testcase classname="logintestcase.loginTest" name="verifyuseridText" time="0.076"/>
  <testcase classname="logintestcase.finalFrontLoginTest" name="finalDataHardcore" time="0.181"/>
</testsuite> <!-- Test -->
