<?xml version="1.0" encoding="UTF-8"?>
<testng-results ignored="0" total="1" passed="1" failed="0" skipped="0">
  <reporter-output>
  </reporter-output>
  <suite started-at="2022-08-27T20:51:41 IST" name="Default suite" finished-at="2022-08-27T20:51:47 IST" duration-ms="5794">
    <groups>
    </groups>
    <test started-at="2022-08-27T20:51:41 IST" name="Default test" finished-at="2022-08-27T20:51:47 IST" duration-ms="5794">
      <class name="FrontPageTest.FrontObjectTest">
        <test-method is-config="true" signature="Config()[pri:0, instance:FrontPageTest.FrontObjectTest@5f6722d3]" started-at="2022-08-27T20:51:41 IST" name="Config" finished-at="2022-08-27T20:51:46 IST" duration-ms="4841" status="PASS">
          <reporter-output>
          </reporter-output>
        </test-method> <!-- Config -->
        <test-method signature="ObjectTest()[pri:0, instance:FrontPageTest.FrontObjectTest@5f6722d3]" started-at="2022-08-27T20:51:46 IST" name="ObjectTest" finished-at="2022-08-27T20:51:46 IST" duration-ms="179" status="PASS">
          <reporter-output>
          </reporter-output>
        </test-method> <!-- ObjectTest -->
        <test-method is-config="true" signature="end()[pri:0, instance:FrontPageTest.FrontObjectTest@5f6722d3]" started-at="2022-08-27T20:51:46 IST" name="end" finished-at="2022-08-27T20:51:47 IST" duration-ms="737" status="PASS">
          <reporter-output>
          </reporter-output>
        </test-method> <!-- end -->
      </class> <!-- FrontPageTest.FrontObjectTest -->
    </test> <!-- Default test -->
  </suite> <!-- Default suite -->
</testng-results>
