<?xml version="1.0" encoding="UTF-8"?>
<!-- Generated by org.testng.reporters.JUnitXMLReporter -->
<testsuite ignored="0" hostname="Gaurav" failures="0" tests="12" name="Test" time="35.997" errors="0" timestamp="2022-08-11T06:46:38 IST">
  <testcase classname="logintestcase.frontLogintest" name="intiallogingMethod" time="0.237"/>
  <testcase classname="logintestcase.frontLogintest" name="intiallogingMethod" time="0.235"/>
  <testcase classname="logintestcase.frontLogintest" name="intiallogingMethod" time="0.246"/>
  <testcase classname="logintestcase.frontLogintest" name="intiallogingMethod" time="0.229"/>
  <testcase classname="logintestcase.frontLogintest" name="intiallogingMethod" time="0.213"/>
  <testcase classname="logintestcase.loginTest" name="verifyPassword" time="0.085"/>
  <testcase classname="logintestcase.loginTest" name="verifyforgetUsernam" time="0.107"/>
  <testcase classname="logintestcase.loginTest" name="verifyfrontlogo1Test" time="0.067"/>
  <testcase classname="logintestcase.loginTest" name="verifyidontHaveAcount" time="0.105"/>
  <testcase classname="logintestcase.loginTest" name="verifylogo" time="0.219"/>
  <testcase classname="logintestcase.loginTest" name="verifyuseridText" time="0.071"/>
  <testcase classname="logintestcase.finalFrontLoginTest" name="finalDataHardcore" time="0.168"/>
</testsuite> <!-- Test -->
