<?xml version="1.0" encoding="UTF-8"?>
<!-- Generated by org.testng.reporters.JUnitXMLReporter -->
<testsuite ignored="0" hostname="Gaurav" failures="0" tests="5" name="Default test" time="20.221" errors="0" timestamp="2022-08-13T16:31:14 IST">
  <testcase classname="logintestcase.frontLogintest" name="intiallogingMethod" time="0.127"/>
  <testcase classname="logintestcase.frontLogintest" name="intiallogingMethod" time="0.123"/>
  <testcase classname="logintestcase.frontLogintest" name="intiallogingMethod" time="0.131"/>
  <testcase classname="logintestcase.frontLogintest" name="intiallogingMethod" time="0.139"/>
  <testcase classname="logintestcase.frontLogintest" name="intiallogingMethod" time="0.12"/>
</testsuite> <!-- Default test -->
