<?xml version="1.0" encoding="UTF-8"?>
<!-- Generated by org.testng.reporters.JUnitXMLReporter -->
<testsuite ignored="0" hostname="Gaurav" failures="0" tests="5" name="Default test" time="7.707" errors="0" timestamp="2022-08-08T20:51:05 IST">
  <testcase classname="logintestcase.frontLogintest" name="intiallogingMethod" time="0.123"/>
  <testcase classname="logintestcase.frontLogintest" name="intiallogingMethod" time="0.13"/>
  <testcase classname="logintestcase.frontLogintest" name="intiallogingMethod" time="0.126"/>
  <testcase classname="logintestcase.frontLogintest" name="intiallogingMethod" time="0.135"/>
  <testcase classname="logintestcase.frontLogintest" name="intiallogingMethod" time="0.114"/>
</testsuite> <!-- Default test -->
